<?xml version="1.0" encoding="UTF-8"?>
<testsuite name="Un usuario quiere aprender a automatizar  en screenplay en un curso de choucair academy" tests="1" skipped="0" failures="0" errors="0" timestamp="2021-06-22T19:22:51" hostname="CHMEPPF1FRE9W" time="30.632">
  <properties/>
  <testcase name="Buscar un curso para hacer una automatizacion" classname="Un usuario quiere aprender a automatizar  en screenplay en un curso de choucair academy" time="30.632"/>
  <system-out><![CDATA[]]></system-out>
  <system-err><![CDATA[jun 22, 2021 2:22:52 PM org.openqa.selenium.remote.DesiredCapabilities chrome
INFORMACIÓN: Using `new ChromeOptions()` is preferred to `DesiredCapabilities.chrome()`
Starting ChromeDriver 91.0.4472.19 (1bf021f248676a0b2ab3ee0561d83a59e424c23e-refs/branch-heads/4472@{#288}) on port 1977
Only local connections are allowed.
Please see https://chromedriver.chromium.org/security-considerations for suggestions on keeping ChromeDriver safe.
ChromeDriver was started successfully.
jun 22, 2021 2:22:56 PM org.openqa.selenium.remote.ProtocolHandshake createSession
INFORMACIÓN: Detected dialect: W3C
[Test worker] INFO net.serenitybdd.core.Serenity - 
        __    _____ _____ ____ _____   ____   _    ____  ____  _____ ____  
  _     \ \  |_   _| ____/ ___|_   _| |  _ \ / \  / ___|/ ___|| ____|  _ \ 
 (_)_____| |   | | |  _| \___ \ | |   | |_) / _ \ \___ \\___ \|  _| | | | |
  _|_____| |   | | | |___ ___) || |   |  __/ ___ \ ___) |___) | |___| |_| |
 (_)     | |   |_| |_____|____/ |_|   |_| /_/   \_\____/|____/|_____|____/ 
        /_/                                                                

TEST PASSED: Buscar un curso para hacer una automatizacion
----------------------------------------------------------------------------
]]></system-err>
</testsuite>
